18:18:44  [main] 	Initializing Control Panel
18:18:44  [main] 	Windows Version:  Home  64-bit
18:18:44  [main] 	XAMPP Version: 8.2.4
18:18:44  [main] 	Control Panel Version: 3.3.0  [ Compiled: Apr 6th 2021 ]
18:18:44  [main] 	You are not running with administrator rights! This will work for
18:18:44  [main] 	most application stuff but whenever you do something with services
18:18:44  [main] 	there will be a security dialogue or things will break! So think 
18:18:44  [main] 	about running this application with administrator rights!
18:18:44  [main] 	XAMPP Installation Directory: "c:\users\£ukasz\desktop\sklep-konkuterowy\xampp\"
18:18:44  [main] 	Checking for prerequisites
18:18:44  [main] 	All prerequisites found
18:18:44  [main] 	Initializing Modules
18:18:44  [Apache] 	Problem detected!
18:18:44  [Apache] 	Port 80 in use by "D:\Nowy folder\apache\bin\httpd.exe" with PID 5440!
18:18:44  [Apache] 	Apache WILL NOT start without the configured ports free!
18:18:44  [Apache] 	You need to uninstall/disable/reconfigure the blocking application
18:18:44  [Apache] 	or reconfigure Apache and the Control Panel to listen on a different port
18:18:44  [Apache] 	Problem detected!
18:18:44  [Apache] 	Port 443 in use by "D:\Nowy folder\apache\bin\httpd.exe" with PID 5440!
18:18:44  [Apache] 	Apache WILL NOT start without the configured ports free!
18:18:44  [Apache] 	You need to uninstall/disable/reconfigure the blocking application
18:18:44  [Apache] 	or reconfigure Apache and the Control Panel to listen on a different port
18:18:44  [mysql] 	Problem detected!
18:18:44  [mysql] 	Port 3306 in use by "D:\Nowy folder\mysql\bin\mysqld.exe"!
18:18:44  [mysql] 	MySQL WILL NOT start without the configured ports free!
18:18:44  [mysql] 	You need to uninstall/disable/reconfigure the blocking application
18:18:44  [mysql] 	or reconfigure MySQL and the Control Panel to listen on a different port
18:18:44  [main] 	Starting Check-Timer
18:18:44  [main] 	Control Panel Ready
18:18:53  [Apache] 	Problem detected!
18:18:53  [Apache] 	Port 80 in use by "D:\Nowy folder\apache\bin\httpd.exe" with PID 5440!
18:18:53  [Apache] 	Apache WILL NOT start without the configured ports free!
18:18:53  [Apache] 	You need to uninstall/disable/reconfigure the blocking application
18:18:53  [Apache] 	or reconfigure Apache and the Control Panel to listen on a different port
18:18:53  [Apache] 	Problem detected!
18:18:53  [Apache] 	Port 443 in use by "D:\Nowy folder\apache\bin\httpd.exe" with PID 5440!
18:18:53  [Apache] 	Apache WILL NOT start without the configured ports free!
18:18:53  [Apache] 	You need to uninstall/disable/reconfigure the blocking application
18:18:53  [Apache] 	or reconfigure Apache and the Control Panel to listen on a different port
18:18:53  [Apache] 	Attempting to start Apache app...
18:18:54  [Apache] 	Status change detected: running
18:18:54  [Apache] 	Status change detected: stopped
18:18:54  [Apache] 	Error: Apache shutdown unexpectedly.
18:18:54  [Apache] 	This may be due to a blocked port, missing dependencies, 
18:18:54  [Apache] 	improper privileges, a crash, or a shutdown by another method.
18:18:54  [Apache] 	Press the Logs button to view error logs and check
18:18:54  [Apache] 	the Windows Event Viewer for more clues
18:18:54  [Apache] 	If you need more help, copy and post this
18:18:54  [Apache] 	entire log window on the forums
18:19:00  [Apache] 	Attempting to start Apache app...
18:19:01  [Apache] 	Status change detected: running
18:19:01  [Apache] 	Status change detected: stopped
18:19:01  [Apache] 	Error: Apache shutdown unexpectedly.
18:19:01  [Apache] 	This may be due to a blocked port, missing dependencies, 
18:19:01  [Apache] 	improper privileges, a crash, or a shutdown by another method.
18:19:01  [Apache] 	Press the Logs button to view error logs and check
18:19:01  [Apache] 	the Windows Event Viewer for more clues
18:19:01  [Apache] 	If you need more help, copy and post this
18:19:01  [Apache] 	entire log window on the forums
18:19:04  [Apache] 	Attempting to start Apache app...
18:19:07  [mysql] 	Attempting to start MySQL app...
18:19:08  [Apache] 	Attempting to start Apache app...
18:20:00  [Apache] 	Status change detected: running
18:20:01  [Apache] 	Status change detected: stopped
18:20:01  [Apache] 	Error: Apache shutdown unexpectedly.
18:20:01  [Apache] 	This may be due to a blocked port, missing dependencies, 
18:20:01  [Apache] 	improper privileges, a crash, or a shutdown by another method.
18:20:01  [Apache] 	Press the Logs button to view error logs and check
18:20:01  [Apache] 	the Windows Event Viewer for more clues
18:20:01  [Apache] 	If you need more help, copy and post this
18:20:01  [Apache] 	entire log window on the forums
18:21:47  [Apache] 	Status change detected: running
18:21:47  [Apache] 	Status change detected: stopped
18:21:47  [Apache] 	Error: Apache shutdown unexpectedly.
18:21:47  [Apache] 	This may be due to a blocked port, missing dependencies, 
18:21:47  [Apache] 	improper privileges, a crash, or a shutdown by another method.
18:21:47  [Apache] 	Press the Logs button to view error logs and check
18:21:47  [Apache] 	the Windows Event Viewer for more clues
18:21:47  [Apache] 	If you need more help, copy and post this
18:21:47  [Apache] 	entire log window on the forums
23:57:37  [main] 	Deinitializing Modules
23:57:37  [main] 	Deinitializing Control Panel

18:19:59  [main] 	Initializing Control Panel
18:19:59  [main] 	Windows Version:  Home  64-bit
18:19:59  [main] 	XAMPP Version: 8.2.4
18:19:59  [main] 	Control Panel Version: 3.3.0  [ Compiled: Apr 6th 2021 ]
18:19:59  [main] 	You are not running with administrator rights! This will work for
18:19:59  [main] 	most application stuff but whenever you do something with services
18:19:59  [main] 	there will be a security dialogue or things will break! So think 
18:19:59  [main] 	about running this application with administrator rights!
18:19:59  [main] 	XAMPP Installation Directory: "c:\users\£ukasz\desktop\sklep-konkuterowy\xampp\"
18:19:59  [main] 	Checking for prerequisites
18:19:59  [main] 	All prerequisites found
18:19:59  [main] 	Initializing Modules
18:19:59  [main] 	Starting Check-Timer
18:19:59  [main] 	Control Panel Ready
18:20:00  [Apache] 	Attempting to start Apache app...
18:20:00  [Apache] 	Status change detected: running
18:20:01  [Apache] 	Status change detected: stopped
18:20:01  [Apache] 	Error: Apache shutdown unexpectedly.
18:20:01  [Apache] 	This may be due to a blocked port, missing dependencies, 
18:20:01  [Apache] 	improper privileges, a crash, or a shutdown by another method.
18:20:01  [Apache] 	Press the Logs button to view error logs and check
18:20:01  [Apache] 	the Windows Event Viewer for more clues
18:20:01  [Apache] 	If you need more help, copy and post this
18:20:01  [Apache] 	entire log window on the forums
18:20:30  [main] 	Executing "c:\users\£ukasz\desktop\sklep-konkuterowy\xampp\"
18:20:49  [Apache] 	Attempting to start Apache app...
18:20:53  [main] 	Executing "services.msc"
18:20:58  [main] 	Executing "c:\users\£ukasz\desktop\sklep-konkuterowy\xampp\"
18:21:47  [Apache] 	Attempting to start Apache app...
18:21:47  [Apache] 	Status change detected: running
18:21:47  [Apache] 	Status change detected: stopped
18:21:47  [Apache] 	Error: Apache shutdown unexpectedly.
18:21:47  [Apache] 	This may be due to a blocked port, missing dependencies, 
18:21:47  [Apache] 	improper privileges, a crash, or a shutdown by another method.
18:21:47  [Apache] 	Press the Logs button to view error logs and check
18:21:47  [Apache] 	the Windows Event Viewer for more clues
18:21:47  [Apache] 	If you need more help, copy and post this
18:21:47  [Apache] 	entire log window on the forums
18:28:38  [Apache] 	Attempting to start Apache app...
23:57:37  [main] 	Deinitializing Modules
23:57:37  [main] 	Deinitializing Control Panel

