[Fri Jun 02 16:44:24.732166 2023] [ssl:warn] [pid 15568:tid 428] AH01909: www.example.com:443:0 server certificate does NOT include an ID which matches the server name
[Fri Jun 02 16:44:24.786926 2023] [ssl:warn] [pid 15568:tid 428] AH01909: www.example.com:443:0 server certificate does NOT include an ID which matches the server name
[Fri Jun 02 16:44:24.843982 2023] [mpm_winnt:notice] [pid 15568:tid 428] AH00455: Apache/2.4.56 (Win64) OpenSSL/1.1.1t PHP/8.2.4 configured -- resuming normal operations
[Fri Jun 02 16:44:24.844983 2023] [mpm_winnt:notice] [pid 15568:tid 428] AH00456: Apache Lounge VS16 Server built: Mar  7 2023 13:21:03
[Fri Jun 02 16:44:24.844983 2023] [core:notice] [pid 15568:tid 428] AH00094: Command line: 'C:\\xampp\\apache\\bin\\httpd.exe -d C:/xampp/apache'
[Fri Jun 02 16:44:24.849986 2023] [mpm_winnt:notice] [pid 15568:tid 428] AH00418: Parent: Created child process 13668
[Fri Jun 02 16:44:25.531509 2023] [ssl:warn] [pid 13668:tid 416] AH01909: www.example.com:443:0 server certificate does NOT include an ID which matches the server name
[Fri Jun 02 16:44:25.587068 2023] [ssl:warn] [pid 13668:tid 416] AH01909: www.example.com:443:0 server certificate does NOT include an ID which matches the server name
[Fri Jun 02 16:44:25.642123 2023] [mpm_winnt:notice] [pid 13668:tid 416] AH00354: Child: Starting 150 worker threads.
[Fri Jun 02 16:45:50.584338 2023] [ssl:warn] [pid 3300:tid 404] AH01909: www.example.com:443:0 server certificate does NOT include an ID which matches the server name
[Fri Jun 02 16:45:50.637192 2023] [ssl:warn] [pid 3300:tid 404] AH01909: www.example.com:443:0 server certificate does NOT include an ID which matches the server name
[Fri Jun 02 16:45:50.684236 2023] [mpm_winnt:notice] [pid 3300:tid 404] AH00455: Apache/2.4.56 (Win64) OpenSSL/1.1.1t PHP/8.2.4 configured -- resuming normal operations
[Fri Jun 02 16:45:50.685237 2023] [mpm_winnt:notice] [pid 3300:tid 404] AH00456: Apache Lounge VS16 Server built: Mar  7 2023 13:21:03
[Fri Jun 02 16:45:50.685237 2023] [core:notice] [pid 3300:tid 404] AH00094: Command line: 'c:\\xampp\\apache\\bin\\httpd.exe -d C:/xampp/apache'
[Fri Jun 02 16:45:50.687238 2023] [mpm_winnt:notice] [pid 3300:tid 404] AH00418: Parent: Created child process 18576
[Fri Jun 02 16:45:51.121985 2023] [ssl:warn] [pid 18576:tid 432] AH01909: www.example.com:443:0 server certificate does NOT include an ID which matches the server name
[Fri Jun 02 16:45:51.173041 2023] [ssl:warn] [pid 18576:tid 432] AH01909: www.example.com:443:0 server certificate does NOT include an ID which matches the server name
[Fri Jun 02 16:45:51.220085 2023] [mpm_winnt:notice] [pid 18576:tid 432] AH00354: Child: Starting 150 worker threads.
[Fri Jun 02 16:57:42.610634 2023] [ssl:warn] [pid 25860:tid 412] AH01909: www.example.com:443:0 server certificate does NOT include an ID which matches the server name
[Fri Jun 02 16:57:42.693710 2023] [core:warn] [pid 25860:tid 412] AH00098: pid file C:/xampp/apache/logs/httpd.pid overwritten -- Unclean shutdown of previous Apache run?
[Fri Jun 02 16:57:42.698714 2023] [ssl:warn] [pid 25860:tid 412] AH01909: www.example.com:443:0 server certificate does NOT include an ID which matches the server name
[Fri Jun 02 16:57:43.096604 2023] [mpm_winnt:notice] [pid 25860:tid 412] AH00455: Apache/2.4.56 (Win64) OpenSSL/1.1.1t PHP/8.2.4 configured -- resuming normal operations
[Fri Jun 02 16:57:43.096604 2023] [mpm_winnt:notice] [pid 25860:tid 412] AH00456: Apache Lounge VS16 Server built: Mar  7 2023 13:21:03
[Fri Jun 02 16:57:43.096604 2023] [core:notice] [pid 25860:tid 412] AH00094: Command line: 'c:\\xampp\\apache\\bin\\httpd.exe -d C:/xampp/apache'
[Fri Jun 02 16:57:43.100609 2023] [mpm_winnt:notice] [pid 25860:tid 412] AH00418: Parent: Created child process 25944
[Fri Jun 02 16:57:43.779178 2023] [ssl:warn] [pid 25944:tid 260] AH01909: www.example.com:443:0 server certificate does NOT include an ID which matches the server name
[Fri Jun 02 16:57:43.860253 2023] [ssl:warn] [pid 25944:tid 260] AH01909: www.example.com:443:0 server certificate does NOT include an ID which matches the server name
[Fri Jun 02 16:57:43.934415 2023] [mpm_winnt:notice] [pid 25944:tid 260] AH00354: Child: Starting 150 worker threads.
[Fri Jun 02 17:33:41.871917 2023] [php:error] [pid 25944:tid 1844] [client ::1:54200] script 'C:/xampp/htdocs/SKLEP/login.php' not found or unable to stat, referer: http://localhost/SKLEP/login.php
[Fri Jun 02 17:37:32.461796 2023] [php:error] [pid 25944:tid 1852] [client ::1:54483] script 'C:/xampp/htdocs/SKLEP/dashboard.php' not found or unable to stat, referer: http://localhost/SKLEP/register.html
[Fri Jun 02 18:09:05.814606 2023] [php:error] [pid 25944:tid 1852] [client ::1:56988] script 'C:/xampp/htdocs/SKLEP/index.php' not found or unable to stat, referer: http://localhost/SKLEP/index.html
[Fri Jun 02 18:09:08.906420 2023] [php:error] [pid 25944:tid 1852] [client ::1:56988] PHP Fatal error:  Uncaught mysqli_sql_exception: Access denied for user 'nazwa_uzytkownika'@'localhost' (using password: YES) in C:\\xampp\\htdocs\\SKLEP\\db_config.php:9\nStack trace:\n#0 C:\\xampp\\htdocs\\SKLEP\\db_config.php(9): mysqli->__construct('localhost', 'nazwa_uzytkowni...', Object(SensitiveParameterValue), 'nazwa_bazy_dany...')\n#1 C:\\xampp\\htdocs\\SKLEP\\logowanie.php(3): require_once('C:\\\\xampp\\\\htdocs...')\n#2 {main}\n  thrown in C:\\xampp\\htdocs\\SKLEP\\db_config.php on line 9, referer: http://localhost/SKLEP/index.html
[Fri Jun 02 18:09:11.902780 2023] [php:error] [pid 25944:tid 1852] [client ::1:56988] PHP Fatal error:  Uncaught mysqli_sql_exception: Access denied for user 'nazwa_uzytkownika'@'localhost' (using password: YES) in C:\\xampp\\htdocs\\SKLEP\\db_config.php:9\nStack trace:\n#0 C:\\xampp\\htdocs\\SKLEP\\db_config.php(9): mysqli->__construct('localhost', 'nazwa_uzytkowni...', Object(SensitiveParameterValue), 'nazwa_bazy_dany...')\n#1 C:\\xampp\\htdocs\\SKLEP\\logowanie.php(3): require_once('C:\\\\xampp\\\\htdocs...')\n#2 {main}\n  thrown in C:\\xampp\\htdocs\\SKLEP\\db_config.php on line 9, referer: http://localhost/SKLEP/index.html
[Fri Jun 02 18:09:23.431859 2023] [php:error] [pid 25944:tid 1844] [client ::1:57004] PHP Fatal error:  Uncaught mysqli_sql_exception: Access denied for user 'nazwa_uzytkownika'@'localhost' (using password: YES) in C:\\xampp\\htdocs\\SKLEP\\db_config.php:9\nStack trace:\n#0 C:\\xampp\\htdocs\\SKLEP\\db_config.php(9): mysqli->__construct('localhost', 'nazwa_uzytkowni...', Object(SensitiveParameterValue), 'nazwa_bazy_dany...')\n#1 C:\\xampp\\htdocs\\SKLEP\\logowanie.php(3): require_once('C:\\\\xampp\\\\htdocs...')\n#2 {main}\n  thrown in C:\\xampp\\htdocs\\SKLEP\\db_config.php on line 9, referer: http://localhost/SKLEP/index.html
[Fri Jun 02 18:09:26.146402 2023] [php:error] [pid 25944:tid 1844] [client ::1:57004] script 'C:/xampp/htdocs/SKLEP/wyloguj.php' not found or unable to stat, referer: http://localhost/SKLEP/index.html
[Fri Jun 02 18:09:28.642518 2023] [php:error] [pid 25944:tid 1844] [client ::1:57004] script 'C:/xampp/htdocs/SKLEP/index.php' not found or unable to stat, referer: http://localhost/SKLEP/index.html
[Fri Jun 02 18:09:30.554926 2023] [php:error] [pid 25944:tid 1844] [client ::1:57004] PHP Fatal error:  Uncaught mysqli_sql_exception: Access denied for user 'nazwa_uzytkownika'@'localhost' (using password: YES) in C:\\xampp\\htdocs\\SKLEP\\db_config.php:9\nStack trace:\n#0 C:\\xampp\\htdocs\\SKLEP\\db_config.php(9): mysqli->__construct('localhost', 'nazwa_uzytkowni...', Object(SensitiveParameterValue), 'nazwa_bazy_dany...')\n#1 C:\\xampp\\htdocs\\SKLEP\\logowanie.php(3): require_once('C:\\\\xampp\\\\htdocs...')\n#2 {main}\n  thrown in C:\\xampp\\htdocs\\SKLEP\\db_config.php on line 9, referer: http://localhost/SKLEP/index.html
[Fri Jun 02 18:16:14.184883 2023] [php:error] [pid 25944:tid 1844] [client ::1:57451] PHP Fatal error:  Uncaught mysqli_sql_exception: Access denied for user 'nazwa_uzytkownika'@'localhost' (using password: YES) in C:\\xampp\\htdocs\\SKLEP\\db_config.php:9\nStack trace:\n#0 C:\\xampp\\htdocs\\SKLEP\\db_config.php(9): mysqli->__construct('localhost', 'nazwa_uzytkowni...', Object(SensitiveParameterValue), 'nazwa_bazy_dany...')\n#1 C:\\xampp\\htdocs\\SKLEP\\logowanie.php(3): require_once('C:\\\\xampp\\\\htdocs...')\n#2 {main}\n  thrown in C:\\xampp\\htdocs\\SKLEP\\db_config.php on line 9, referer: http://localhost/SKLEP/index.html
[Fri Jun 02 18:22:22.559737 2023] [php:error] [pid 25944:tid 1844] [client ::1:57903] script 'C:/xampp/htdocs/SKLEP/wyswietl_uzytkownikow.php' not found or unable to stat, referer: http://localhost/SKLEP/index.html
[Fri Jun 02 18:22:40.686409 2023] [php:error] [pid 25944:tid 1852] [client ::1:57919] PHP Fatal error:  Uncaught mysqli_sql_exception: Access denied for user 'nazwa_uzytkownika'@'localhost' (using password: YES) in C:\\xampp\\htdocs\\SKLEP\\db_config.php:9\nStack trace:\n#0 C:\\xampp\\htdocs\\SKLEP\\db_config.php(9): mysqli->__construct('localhost', 'nazwa_uzytkowni...', Object(SensitiveParameterValue), 'nazwa_bazy_dany...')\n#1 C:\\xampp\\htdocs\\SKLEP\\logowanie.php(3): require_once('C:\\\\xampp\\\\htdocs...')\n#2 {main}\n  thrown in C:\\xampp\\htdocs\\SKLEP\\db_config.php on line 9, referer: http://localhost/SKLEP/index.html
[Fri Jun 02 18:23:23.906449 2023] [php:error] [pid 25944:tid 1844] [client ::1:57960] script 'C:/xampp/htdocs/SKLEP/wylogowanie.php' not found or unable to stat, referer: http://localhost/SKLEP/index.html
[Fri Jun 02 18:25:38.126262 2023] [php:error] [pid 25944:tid 1844] [client ::1:58216] PHP Fatal error:  Uncaught mysqli_sql_exception: Access denied for user 'nazwa_uzytkownika'@'localhost' (using password: YES) in C:\\xampp\\htdocs\\SKLEP\\db_config.php:9\nStack trace:\n#0 C:\\xampp\\htdocs\\SKLEP\\db_config.php(9): mysqli->__construct('localhost', 'nazwa_uzytkowni...', Object(SensitiveParameterValue), 'nazwa_bazy_dany...')\n#1 C:\\xampp\\htdocs\\SKLEP\\logowanie.php(3): require_once('C:\\\\xampp\\\\htdocs...')\n#2 {main}\n  thrown in C:\\xampp\\htdocs\\SKLEP\\db_config.php on line 9, referer: http://localhost/SKLEP/index.html
[Fri Jun 02 18:29:28.648937 2023] [php:error] [pid 25944:tid 1852] [client ::1:58628] script 'C:/xampp/htdocs/SKLEP/wyswietl_produkty.php' not found or unable to stat, referer: http://localhost/SKLEP/index.html
[Fri Jun 02 18:37:55.630040 2023] [php:error] [pid 25944:tid 1848] [client ::1:59291] PHP Fatal error:  Uncaught mysqli_sql_exception: Access denied for user 'nazwa_uzytkownika'@'localhost' (using password: YES) in C:\\xampp\\htdocs\\SKLEP\\db_config.php:9\nStack trace:\n#0 C:\\xampp\\htdocs\\SKLEP\\db_config.php(9): mysqli->__construct('localhost', 'nazwa_uzytkowni...', Object(SensitiveParameterValue), 'nazwa_bazy_dany...')\n#1 C:\\xampp\\htdocs\\SKLEP\\rejestracja.php(2): require_once('C:\\\\xampp\\\\htdocs...')\n#2 {main}\n  thrown in C:\\xampp\\htdocs\\SKLEP\\db_config.php on line 9, referer: http://localhost/SKLEP/index.html
[Fri Jun 02 18:52:25.422318 2023] [php:error] [pid 25944:tid 1852] [client ::1:60167] PHP Fatal error:  Uncaught mysqli_sql_exception: Access denied for user 'root'@'localhost' (using password: YES) in C:\\xampp\\htdocs\\SKLEP\\db_config.php:9\nStack trace:\n#0 C:\\xampp\\htdocs\\SKLEP\\db_config.php(9): mysqli->__construct('localhost', 'root', Object(SensitiveParameterValue), 'sklep')\n#1 C:\\xampp\\htdocs\\SKLEP\\rejestracja.php(2): require_once('C:\\\\xampp\\\\htdocs...')\n#2 {main}\n  thrown in C:\\xampp\\htdocs\\SKLEP\\db_config.php on line 9, referer: http://localhost/SKLEP/index.html
[Fri Jun 02 18:52:40.210707 2023] [php:error] [pid 25944:tid 1844] [client ::1:60168] PHP Fatal error:  Uncaught mysqli_sql_exception: Access denied for user 'root'@'localhost' (using password: YES) in C:\\xampp\\htdocs\\SKLEP\\db_config.php:9\nStack trace:\n#0 C:\\xampp\\htdocs\\SKLEP\\db_config.php(9): mysqli->__construct('localhost', 'root', Object(SensitiveParameterValue), 'sklep')\n#1 C:\\xampp\\htdocs\\SKLEP\\rejestracja.php(2): require_once('C:\\\\xampp\\\\htdocs...')\n#2 {main}\n  thrown in C:\\xampp\\htdocs\\SKLEP\\db_config.php on line 9, referer: http://localhost/SKLEP/index.html
[Fri Jun 02 18:56:19.389763 2023] [php:error] [pid 25944:tid 1848] [client ::1:60376] PHP Fatal error:  Uncaught mysqli_sql_exception: Access denied for user 'root'@'localhost' (using password: YES) in C:\\xampp\\htdocs\\SKLEP\\db_config.php:9\nStack trace:\n#0 C:\\xampp\\htdocs\\SKLEP\\db_config.php(9): mysqli->__construct('127.0.0.1', 'root', Object(SensitiveParameterValue), 'sklep')\n#1 C:\\xampp\\htdocs\\SKLEP\\rejestracja.php(2): require_once('C:\\\\xampp\\\\htdocs...')\n#2 {main}\n  thrown in C:\\xampp\\htdocs\\SKLEP\\db_config.php on line 9, referer: http://localhost/SKLEP/index.html
[Fri Jun 02 18:58:20.093420 2023] [php:error] [pid 25944:tid 1852] [client ::1:60489] PHP Fatal error:  Uncaught mysqli_sql_exception: The requested address is not valid in its context in C:\\xampp\\htdocs\\SKLEP\\db_config.php:9\nStack trace:\n#0 C:\\xampp\\htdocs\\SKLEP\\db_config.php(9): mysqli->__construct('::1', 'root', Object(SensitiveParameterValue), 'sklep')\n#1 C:\\xampp\\htdocs\\SKLEP\\rejestracja.php(2): require_once('C:\\\\xampp\\\\htdocs...')\n#2 {main}\n  thrown in C:\\xampp\\htdocs\\SKLEP\\db_config.php on line 9, referer: http://localhost/SKLEP/index.html
[Fri Jun 02 18:58:46.200704 2023] [php:error] [pid 25944:tid 1848] [client ::1:60490] PHP Fatal error:  Uncaught mysqli_sql_exception: Table 'sklep.users' doesn't exist in C:\\xampp\\htdocs\\SKLEP\\rejestracja.php:9\nStack trace:\n#0 C:\\xampp\\htdocs\\SKLEP\\rejestracja.php(9): mysqli->prepare('INSERT INTO use...')\n#1 {main}\n  thrown in C:\\xampp\\htdocs\\SKLEP\\rejestracja.php on line 9, referer: http://localhost/SKLEP/index.html
[Fri Jun 02 19:04:14.865599 2023] [php:error] [pid 25944:tid 1852] [client ::1:51098] script 'C:/xampp/htdocs/SKLEP/index.php' not found or unable to stat, referer: http://localhost/SKLEP/index.html
[Fri Jun 02 19:08:30.193422 2023] [php:error] [pid 25944:tid 1848] [client ::1:51410] script 'C:/xampp/htdocs/SKLEP/wylogowanie.php' not found or unable to stat, referer: http://localhost/SKLEP/index.html
[Fri Jun 02 19:12:03.330668 2023] [php:warn] [pid 25944:tid 1848] [client ::1:51674] PHP Warning:  Undefined array key "username" in C:\\xampp\\htdocs\\SKLEP\\rejestracja.php on line 5, referer: http://localhost/SKLEP/rejestracja.php
[Fri Jun 02 19:12:03.330668 2023] [php:warn] [pid 25944:tid 1848] [client ::1:51674] PHP Warning:  Undefined array key "password" in C:\\xampp\\htdocs\\SKLEP\\rejestracja.php on line 6, referer: http://localhost/SKLEP/rejestracja.php
[Fri Jun 02 19:12:03.396776 2023] [php:error] [pid 25944:tid 1848] [client ::1:51674] PHP Fatal error:  Uncaught mysqli_sql_exception: Column 'username' cannot be null in C:\\xampp\\htdocs\\SKLEP\\rejestracja.php:11\nStack trace:\n#0 C:\\xampp\\htdocs\\SKLEP\\rejestracja.php(11): mysqli_stmt->execute()\n#1 {main}\n  thrown in C:\\xampp\\htdocs\\SKLEP\\rejestracja.php on line 11, referer: http://localhost/SKLEP/rejestracja.php
[Fri Jun 02 19:12:55.278211 2023] [php:warn] [pid 25944:tid 1844] [client ::1:51711] PHP Warning:  Undefined array key "username" in C:\\xampp\\htdocs\\SKLEP\\rejestracja.php on line 5, referer: http://localhost/SKLEP/rejestracja.php
[Fri Jun 02 19:12:55.279213 2023] [php:warn] [pid 25944:tid 1844] [client ::1:51711] PHP Warning:  Undefined array key "password" in C:\\xampp\\htdocs\\SKLEP\\rejestracja.php on line 6, referer: http://localhost/SKLEP/rejestracja.php
[Fri Jun 02 19:12:55.343269 2023] [php:error] [pid 25944:tid 1844] [client ::1:51711] PHP Fatal error:  Uncaught mysqli_sql_exception: Column 'username' cannot be null in C:\\xampp\\htdocs\\SKLEP\\rejestracja.php:11\nStack trace:\n#0 C:\\xampp\\htdocs\\SKLEP\\rejestracja.php(11): mysqli_stmt->execute()\n#1 {main}\n  thrown in C:\\xampp\\htdocs\\SKLEP\\rejestracja.php on line 11, referer: http://localhost/SKLEP/rejestracja.php
[Fri Jun 02 20:39:03.288266 2023] [php:error] [pid 25944:tid 1848] [client ::1:65352] script 'C:/xampp/htdocs/SKLEP/wyswietl_uzytkownikow.php' not found or unable to stat, referer: http://localhost/SKLEP/index.html
[Fri Jun 02 20:55:46.400370 2023] [php:error] [pid 25944:tid 1852] [client ::1:50168] script 'C:/xampp/htdocs/SKLEP/wyswietl_produkty.php' not found or unable to stat, referer: http://localhost/SKLEP/index.html
[Fri Jun 02 20:57:05.517486 2023] [php:error] [pid 25944:tid 1852] [client ::1:50300] script 'C:/xampp/htdocs/SKLEP/wyswietl_uzytkownikow.php' not found or unable to stat, referer: http://localhost/SKLEP/index.html
[Fri Jun 02 21:13:28.938337 2023] [php:warn] [pid 25944:tid 1848] [client ::1:51479] PHP Warning:  Undefined variable $hashed_password in C:\\xampp\\htdocs\\SKLEP\\logowanie.php on line 16, referer: http://localhost/SKLEP/index.html
[Fri Jun 02 21:14:11.799081 2023] [php:warn] [pid 25944:tid 1848] [client ::1:51515] PHP Warning:  Undefined variable $hashed_password in C:\\xampp\\htdocs\\SKLEP\\logowanie.php on line 16, referer: http://localhost/SKLEP/index.html
[Sat Jun 03 00:10:20.606201 2023] [php:error] [pid 25944:tid 1852] [client ::1:61722] script 'C:/xampp/htdocs/SKLEP/wyswietl_koszyk.php' not found or unable to stat, referer: http://localhost/SKLEP/index.html
[Sat Jun 03 00:32:03.061252 2023] [php:error] [pid 25944:tid 1852] [client ::1:58565] script 'C:/xampp/htdocs/SKLEP/wyswietl_uzytkownikow.php' not found or unable to stat, referer: http://localhost/SKLEP/index.html
[Sat Jun 03 00:32:19.092839 2023] [php:error] [pid 25944:tid 1844] [client ::1:58566] script 'C:/xampp/htdocs/SKLEP/wylogowanie.php' not found or unable to stat, referer: http://localhost/SKLEP/index.html
[Sat Jun 03 14:04:27.620909 2023] [ssl:warn] [pid 7432:tid 412] AH01909: www.example.com:443:0 server certificate does NOT include an ID which matches the server name
[Sat Jun 03 14:04:27.672956 2023] [core:warn] [pid 7432:tid 412] AH00098: pid file C:/xampp/apache/logs/httpd.pid overwritten -- Unclean shutdown of previous Apache run?
[Sat Jun 03 14:04:27.675959 2023] [ssl:warn] [pid 7432:tid 412] AH01909: www.example.com:443:0 server certificate does NOT include an ID which matches the server name
[Sat Jun 03 14:04:27.934624 2023] [mpm_winnt:notice] [pid 7432:tid 412] AH00455: Apache/2.4.56 (Win64) OpenSSL/1.1.1t PHP/8.2.4 configured -- resuming normal operations
[Sat Jun 03 14:04:27.934624 2023] [mpm_winnt:notice] [pid 7432:tid 412] AH00456: Apache Lounge VS16 Server built: Mar  7 2023 13:21:03
[Sat Jun 03 14:04:27.934624 2023] [core:notice] [pid 7432:tid 412] AH00094: Command line: 'c:\\xampp\\apache\\bin\\httpd.exe -d C:/xampp/apache'
[Sat Jun 03 14:04:27.937627 2023] [mpm_winnt:notice] [pid 7432:tid 412] AH00418: Parent: Created child process 31576
[Sat Jun 03 14:04:28.502254 2023] [ssl:warn] [pid 31576:tid 436] AH01909: www.example.com:443:0 server certificate does NOT include an ID which matches the server name
[Sat Jun 03 14:04:28.553042 2023] [ssl:warn] [pid 31576:tid 436] AH01909: www.example.com:443:0 server certificate does NOT include an ID which matches the server name
[Sat Jun 03 14:04:28.601593 2023] [mpm_winnt:notice] [pid 31576:tid 436] AH00354: Child: Starting 150 worker threads.
[Sat Jun 03 14:04:30.672128 2023] [ssl:warn] [pid 18808:tid 416] AH01909: www.example.com:443:0 server certificate does NOT include an ID which matches the server name
[Sat Jun 03 14:04:30.724176 2023] [core:warn] [pid 18808:tid 416] AH00098: pid file C:/xampp/apache/logs/httpd.pid overwritten -- Unclean shutdown of previous Apache run?
[Sat Jun 03 14:04:30.727178 2023] [ssl:warn] [pid 18808:tid 416] AH01909: www.example.com:443:0 server certificate does NOT include an ID which matches the server name
[Sat Jun 03 14:04:30.772568 2023] [mpm_winnt:notice] [pid 18808:tid 416] AH00455: Apache/2.4.56 (Win64) OpenSSL/1.1.1t PHP/8.2.4 configured -- resuming normal operations
[Sat Jun 03 14:04:30.772568 2023] [mpm_winnt:notice] [pid 18808:tid 416] AH00456: Apache Lounge VS16 Server built: Mar  7 2023 13:21:03
[Sat Jun 03 14:04:30.772568 2023] [core:notice] [pid 18808:tid 416] AH00094: Command line: 'c:\\xampp\\apache\\bin\\httpd.exe -d C:/xampp/apache'
[Sat Jun 03 14:04:30.775571 2023] [mpm_winnt:notice] [pid 18808:tid 416] AH00418: Parent: Created child process 25268
[Sat Jun 03 14:04:31.327572 2023] [ssl:warn] [pid 25268:tid 412] AH01909: www.example.com:443:0 server certificate does NOT include an ID which matches the server name
[Sat Jun 03 14:04:31.374614 2023] [ssl:warn] [pid 25268:tid 412] AH01909: www.example.com:443:0 server certificate does NOT include an ID which matches the server name
[Sat Jun 03 14:04:31.423228 2023] [mpm_winnt:notice] [pid 25268:tid 412] AH00354: Child: Starting 150 worker threads.
[Sat Jun 03 14:07:13.844743 2023] [php:error] [pid 25268:tid 1840] [client ::1:56813] script 'C:/xampp/htdocs/SKLEP/wylogowanie.php' not found or unable to stat, referer: http://localhost/SKLEP/index.html
[Sat Jun 03 14:26:11.621053 2023] [php:error] [pid 25268:tid 1840] [client ::1:58400] script 'C:/xampp/htdocs/SKLEP/wyswietl_uzytkownikow.php' not found or unable to stat, referer: http://localhost/SKLEP/index.html
[Sat Jun 03 14:56:07.493685 2023] [php:error] [pid 25268:tid 1836] [client ::1:60121] PHP Parse error:  syntax error, unexpected end of file, expecting "elseif" or "else" or "endif" in C:\\xampp\\htdocs\\SKLEP\\index.php on line 51
[Sat Jun 03 14:59:21.573905 2023] [php:error] [pid 25268:tid 1840] [client ::1:60479] PHP Parse error:  syntax error, unexpected end of file, expecting "elseif" or "else" or "endif" in C:\\xampp\\htdocs\\SKLEP\\index.php on line 50
